


ARM Macro Assembler    Page 1 


    1 00000000         ;;;;;;;;;;;;;;;;;;;;;;;;;;;;;;;;;;;;;;;;;;;;;;;;;;;
    2 00000000         ;      MAIN OF THE Q2      ;
    3 00000000         ;;;;;;;;;;;;;;;;;;;;;;;;;;;;;;;;;;;;;;;;;;;;;;;;;;;
    4 00000000         
    5 00000000         ;LABEL   DIRECTIVE VALUE    COMMENT 
    6 00000000                 AREA             routines, CODE, READONLY, ALIGN
=2
    7 00000000                 THUMB
    8 00000000         
    9 00000000                 EXPORT           deneme
   10 00000000         
   11 00000000 40031024 
                       TIMER1_ICR
                               EQU              0x40031024  ; Timer Interrupt C
                                                            lear
   12 00000000 4003101C 
                       TIMER1_RIS
                               EQU              0x4003101C  ; Timer Interrupt S
                                                            tatus
   13 00000000 40005040 
                       GPIO_PORTB_DATA
                               EQU              0x40005040  ; Access BIT4
   14 00000000 40031048 
                       TIMER1_TAR
                               EQU              0x40031048  ; Timer register
   15 00000000         ;R5 KACINCI EDGE
   16 00000000         ;R6 BIR ONCEKI TIME
   17 00000000         ;R7 HIGH = PULSE WIDTH
   18 00000000         ;R8 LOW
   19 00000000         ;R0 PERIOD
   20 00000000         ;R1 DUTY CYCLE
   21 00000000         
   22 00000000         
   23 00000000         deneme  PROC
   24 00000000         
   25 00000000 F04F 0500       MOV              R5,#0       ;KACINCI EDGE OLDUG
                                                            UNU ANLAYACAGIZ 
   26 00000004         
   27 00000004 492A    LOOP    LDR              R1,=TIMER1_RIS
   28 00000006 6808            LDR              R0,[R1]
   29 00000008 2804            CMP              R0,#0X04
   30 0000000A D1FB            BNE              LOOP
   31 0000000C         
   32 0000000C 4929            LDR              R1,=TIMER1_ICR
   33 0000000E 6808            LDR              R0,[R1]
   34 00000010 F040 0004       ORR              R0,#0X04
   35 00000014 6008            STR              R0,[R1]
   36 00000016         
   37 00000016 4928            LDR              R1,=GPIO_PORTB_DATA
   38 00000018 6808            LDR              R0,[R1]
   39 0000001A EA4F 1010       LSR              R0,#4
   40 0000001E         
   41 0000001E F105 0501       ADD              R5,#1
   42 00000022 2D01            CMP              R5,#1
   43 00000024 D002            BEQ              FIRST
   44 00000026 2D02            CMP              R5,#2
   45 00000028 D003            BEQ              SECOND
   46 0000002A E007            B                THIRD
   47 0000002C         



ARM Macro Assembler    Page 2 


   48 0000002C 4923    FIRST   LDR              R1,=TIMER1_TAR
   49 0000002E 680E            LDR              R6,[R1]
   50 00000030 E037            B                FINISH
   51 00000032         
   52 00000032         
   53 00000032         
   54 00000032 4922    SECOND  LDR              R1,=TIMER1_TAR
   55 00000034 680A            LDR              R2,[R1]
   56 00000036 2800            CMP              R0,#0
   57 00000038 D005            BEQ              POSEDGE
   58 0000003A E011            B                NEGEDGE
   59 0000003C         
   60 0000003C         
   61 0000003C         
   62 0000003C 491F    THIRD   LDR              R1,=TIMER1_TAR
   63 0000003E 680A            LDR              R2,[R1]
   64 00000040 2800            CMP              R0,#0
   65 00000042 D000            BEQ              POSEDGE
   66 00000044 E00C            B                NEGEDGE
   67 00000046         
   68 00000046         
   69 00000046         
   70 00000046         
   71 00000046 EBA6 0702 
                       POSEDGE SUB              R7,R6,R2
   72 0000004A 4296            CMP              R6,R2
   73 0000004C BF88 4616       CPYHI            R6,R2
   74 00000050 D825            BHI              EXIT
   75 00000052 EBA2 0706       SUB              R7,R2,R6
   76 00000056 F44F 3080       LDR              R0,=0X10000 ;FULL CYCLE
   77 0000005A 4407            ADD              R7,R0
   78 0000005C 4616            CPY              R6,R2
   79 0000005E E01E            B                EXIT
   80 00000060         
   81 00000060         
   82 00000060         
   83 00000060 EBA6 0802 
                       NEGEDGE SUB              R8,R6,R2
   84 00000064 4296            CMP              R6,R2
   85 00000066 BF88 4616       CPYHI            R6,R2
   86 0000006A D818            BHI              EXIT
   87 0000006C EBA2 0806       SUB              R8,R2,R6
   88 00000070 F44F 3080       LDR              R0,=0X10000 ;FULL CYCLE
   89 00000074 4480            ADD              R8,R0
   90 00000076 4616            CPY              R6,R2
   91 00000078 E011            B                EXIT
   92 0000007A         
   93 0000007A EB07 0008 
                       CALC    ADD              R0,R7,R8    ;PERIOD
   94 0000007E         ;MOV  R3,#625
   95 0000007E         ;MOV  R4,#10
   96 0000007E         ;MUL  R2,R3
   97 0000007E         ;UDIV R2,R4   ;PERIOD IN NANOSECONDS
   98 0000007E         
   99 0000007E         ;CPY  R0,R7    ;PULSE WIDTH
  100 0000007E         ;MUL  R0,R3
  101 0000007E         ;UDIV R0,R4   ;PULSE WIDTH IN NANOSECONDS
  102 0000007E         ;R7      ;PULSE WIDTH
  103 0000007E         



ARM Macro Assembler    Page 3 


  104 0000007E F04F 0164       MOV              R1,#100
  105 00000082 FB01 F107       MUL              R1,R7
  106 00000086 44B8            ADD              R8,R7
  107 00000088 FBB1 F1F8       UDIV             R1,R8       ;DUTY CYCLE
  108 0000008C F04F 0500       MOV              R5,#0
  109 00000090 F04F 0600       MOV              R6,#0
  110 00000094 F04F 0700       MOV              R7,#0
  111 00000098 F04F 0800       MOV              R8,#0
  112 0000009C E001            B                FINISH
  113 0000009E         
  114 0000009E         
  115 0000009E 2D03    EXIT    CMP              R5,#0X03
  116 000000A0 D0EB            BEQ              CALC
  117 000000A2 4804    FINISH  LDR              R0,=TIMER1_ICR
  118 000000A4 F041 0104       ORR              R1,#0X04    ;CLEAR BIT2, BECAUS
                                                            E CAPTURE MODE
  119 000000A8 6001            STR              R1,[R0]
  120 000000AA         
  121 000000AA E7AB            B                LOOP
  122 000000AC 4770            BX               LR
  123 000000AE                 ENDP
  124 000000AE                 END
              00 00 4003101C 
              40031024 
              40005040 
              40031048 
Command Line: --debug --xref --diag_suppress=9931 --cpu=Cortex-M4.fp.sp --apcs=
interwork --depend=.\objects\deneme.d -o.\objects\deneme.o -I"C:\Users\Emre Çak
makyurdu\AppData\Local\Arm\Packs\Keil\TM4C_DFP\1.1.0\Device\Include\TM4C123" --
predefine="__EVAL SETA 1" --predefine="__UVISION_VERSION SETA 536" --predefine=
"TM4C123GH6PM SETA 1" --list=.\listings\deneme.lst deneme.s



ARM Macro Assembler    Page 1 Alphabetic symbol ordering
Relocatable symbols

CALC 0000007A

Symbol: CALC
   Definitions
      At line 93 in file deneme.s
   Uses
      At line 116 in file deneme.s
Comment: CALC used once
EXIT 0000009E

Symbol: EXIT
   Definitions
      At line 115 in file deneme.s
   Uses
      At line 74 in file deneme.s
      At line 79 in file deneme.s
      At line 86 in file deneme.s
      At line 91 in file deneme.s

FINISH 000000A2

Symbol: FINISH
   Definitions
      At line 117 in file deneme.s
   Uses
      At line 50 in file deneme.s
      At line 112 in file deneme.s

FIRST 0000002C

Symbol: FIRST
   Definitions
      At line 48 in file deneme.s
   Uses
      At line 43 in file deneme.s
Comment: FIRST used once
LOOP 00000004

Symbol: LOOP
   Definitions
      At line 27 in file deneme.s
   Uses
      At line 30 in file deneme.s
      At line 121 in file deneme.s

NEGEDGE 00000060

Symbol: NEGEDGE
   Definitions
      At line 83 in file deneme.s
   Uses
      At line 58 in file deneme.s
      At line 66 in file deneme.s

POSEDGE 00000046

Symbol: POSEDGE
   Definitions
      At line 71 in file deneme.s



ARM Macro Assembler    Page 2 Alphabetic symbol ordering
Relocatable symbols

   Uses
      At line 57 in file deneme.s
      At line 65 in file deneme.s

SECOND 00000032

Symbol: SECOND
   Definitions
      At line 54 in file deneme.s
   Uses
      At line 45 in file deneme.s
Comment: SECOND used once
THIRD 0000003C

Symbol: THIRD
   Definitions
      At line 62 in file deneme.s
   Uses
      At line 46 in file deneme.s
Comment: THIRD used once
deneme 00000000

Symbol: deneme
   Definitions
      At line 23 in file deneme.s
   Uses
      At line 9 in file deneme.s
Comment: deneme used once
routines 00000000

Symbol: routines
   Definitions
      At line 6 in file deneme.s
   Uses
      None
Comment: routines unused
11 symbols



ARM Macro Assembler    Page 1 Alphabetic symbol ordering
Absolute symbols

GPIO_PORTB_DATA 40005040

Symbol: GPIO_PORTB_DATA
   Definitions
      At line 13 in file deneme.s
   Uses
      At line 37 in file deneme.s
Comment: GPIO_PORTB_DATA used once
TIMER1_ICR 40031024

Symbol: TIMER1_ICR
   Definitions
      At line 11 in file deneme.s
   Uses
      At line 32 in file deneme.s
      At line 117 in file deneme.s

TIMER1_RIS 4003101C

Symbol: TIMER1_RIS
   Definitions
      At line 12 in file deneme.s
   Uses
      At line 27 in file deneme.s
Comment: TIMER1_RIS used once
TIMER1_TAR 40031048

Symbol: TIMER1_TAR
   Definitions
      At line 14 in file deneme.s
   Uses
      At line 48 in file deneme.s
      At line 54 in file deneme.s
      At line 62 in file deneme.s

4 symbols
351 symbols in table
