


ARM Macro Assembler    Page 1 


    1 00000000         ; 16/32 Timer Registers
    2 00000000 40031000 
                       TIMER1_CFG
                               EQU              0x40031000
    3 00000000 40031004 
                       TIMER1_TAMR
                               EQU              0x40031004
    4 00000000 4003100C 
                       TIMER1_CTL
                               EQU              0x4003100C
    5 00000000 40031018 
                       TIMER1_IMR
                               EQU              0x40031018
    6 00000000 4003101C 
                       TIMER1_RIS
                               EQU              0x4003101C  ; Timer Interrupt S
                                                            tatus
    7 00000000 40031024 
                       TIMER1_ICR
                               EQU              0x40031024  ; Timer Interrupt C
                                                            lear
    8 00000000 40031028 
                       TIMER1_TAILR
                               EQU              0x40031028  ; Timer interval
    9 00000000 40031038 
                       TIMER1_TAPR
                               EQU              0x40031038
   10 00000000 40031048 
                       TIMER1_TAR
                               EQU              0x40031048  ; Timer register
   11 00000000         
   12 00000000         ;GPIO Registers
   13 00000000 40005040 
                       GPIO_PORTB_DATA
                               EQU              0x40005040  ; Access BIT4
   14 00000000 40005400 
                       GPIO_PORTB_DIR
                               EQU              0x40005400  ; Port Direction
   15 00000000 40005420 
                       GPIO_PORTB_AFSEL
                               EQU              0x40005420  ; Alt Function enab
                                                            le
   16 00000000 4000551C 
                       GPIO_PORTB_DEN
                               EQU              0x4000551C  ; Digital Enable
   17 00000000 40005528 
                       GPIO_PORTB_AMSEL
                               EQU              0x40005528  ; Analog enable
   18 00000000 4000552C 
                       GPIO_PORTB_PCTL
                               EQU              0x4000552C  ; Alternate Functio
                                                            ns
   19 00000000 40005514 
                       GPIO_PORTB_PDR
                               EQU              0X40005514  ;PULL DOWN REGISTER
                                                            
   20 00000000 40005510 
                       GPIO_PORTB_PUR
                               EQU              0x40005510



ARM Macro Assembler    Page 2 


   21 00000000         
   22 00000000         ;System Registers
   23 00000000 400FE608 
                       SYSCTL_RCGCGPIO
                               EQU              0x400FE608  ; GPIO Gate Control
                                                            
   24 00000000 400FE604 
                       SYSCTL_RCGCTIMER
                               EQU              0x400FE604  ; GPTM Gate Control
                                                            
   25 00000000         
   26 00000000         
   27 00000000                 AREA             routines, CODE, READONLY
   28 00000000                 THUMB
   29 00000000                 EXPORT           INIT
   30 00000000         INIT    PROC
   31 00000000 491F            LDR              R1, =SYSCTL_RCGCGPIO 
                                                            ; Start GPIO clock
   32 00000002 6808            LDR              R0, [R1]
   33 00000004 F040 0002       ORR              R0, R0, #0x2 ; Choose Port B
   34 00000008 6008            STR              R0, [R1]
   35 0000000A BF00            NOP
   36 0000000C BF00            NOP
   37 0000000E BF00            NOP
   38 00000010 491C            LDR              R1, =GPIO_PORTB_DIR
   39 00000012 6808            LDR              R0, [R1]
   40 00000014 F020 0010       BIC              R0, R0, #0x10 
                                                            ; Set PB4 as input
   41 00000018 6008            STR              R0, [R1]
   42 0000001A 491B            LDR              R1, =GPIO_PORTB_AFSEL ; Enable 
                                                            alternate function
   43 0000001C 6808            LDR              R0, [R1]
   44 0000001E F040 0010       ORR              R0, R0, #0x10
   45 00000022 6008            STR              R0, [R1]
   46 00000024 4919            LDR              R1, =GPIO_PORTB_PCTL ; Enable T
                                                            1CCP0 on PB4
   47 00000026 6808            LDR              R0, [R1]
   48 00000028 F440 20E0       ORR              R0,R0, #0x00070000
   49 0000002C 6008            STR              R0, [R1]
   50 0000002E 4918            LDR              R1, =GPIO_PORTB_AMSEL 
                                                            ; Disable analog
   51 00000030 F04F 0000       MOV              R0, #0
   52 00000034 6008            STR              R0, [R1]
   53 00000036 4917            LDR              R1, =GPIO_PORTB_DEN ; PB4 digit
                                                            al enable 
   54 00000038 6808            LDR              R0, [R1]
   55 0000003A F040 0010       ORR              R0, R0, #0x10
   56 0000003E 6008            STR              R0, [R1]
   57 00000040         
   58 00000040 4915            LDR              R1, =SYSCTL_RCGCTIMER 
                                                            ; Start timer1
   59 00000042 680A            LDR              R2, [R1]
   60 00000044 F042 0202       ORR              R2, R2, #0x02
   61 00000048 600A            STR              R2, [R1]
   62 0000004A BF00            NOP
   63 0000004C BF00            NOP
   64 0000004E BF00            NOP
   65 00000050 4912            LDR              R1, =TIMER1_CTL
   66 00000052 680A            LDR              R2, [R1]



ARM Macro Assembler    Page 3 


   67 00000054 F022 0201       BIC              R2, R2, #0x01 ; Disable clock
   68 00000058 600A            STR              R2, [R1]
   69 0000005A 4911            LDR              R1, =TIMER1_CFG 
                                                            ; Set 16 bit mode
   70 0000005C F04F 0204       MOV              R2, #0x04
   71 00000060 600A            STR              R2, [R1]
   72 00000062 4910            LDR              R1, =TIMER1_TAMR
   73 00000064 F04F 0207       MOV              R2, #0x07   ; set to capture an
                                                            d edge time mode
   74 00000068 600A            STR              R2, [R1]
   75 0000006A 490F            LDR              R1, =TIMER1_TAILR ; initialize 
                                                            match clocks
   76 0000006C F04F 32FF       MOV              R2, #0xFFFFFFFF
   77 00000070 600A            STR              R2, [R1]
   78 00000072 490A            LDR              R1, =TIMER1_CTL ; Both edges en
                                                            able with stall on 
                                                            debug
   79 00000074 680A            LDR              R2, [R1]
   80 00000076 F042 020F       ORR              R2, R2, #0x0F
   81 0000007A 600A            STR              R2, [R1]
   82 0000007C         
   83 0000007C 4770            BX               LR
   84 0000007E                 ENDP
   85 0000007E                 END
              00 00 400FE608 
              40005400 
              40005420 
              4000552C 
              40005528 
              4000551C 
              400FE604 
              4003100C 
              40031000 
              40031004 
              40031028 
Command Line: --debug --xref --diag_suppress=9931 --cpu=Cortex-M4.fp.sp --apcs=
interwork --depend=.\objects\init.d -o.\objects\init.o -I"C:\Users\Emre Çakmaky
urdu\AppData\Local\Arm\Packs\Keil\TM4C_DFP\1.1.0\Device\Include\TM4C123" --pred
efine="__EVAL SETA 1" --predefine="__UVISION_VERSION SETA 536" --predefine="TM4
C123GH6PM SETA 1" --list=.\listings\init.lst INIT.s



ARM Macro Assembler    Page 1 Alphabetic symbol ordering
Relocatable symbols

INIT 00000000

Symbol: INIT
   Definitions
      At line 30 in file INIT.s
   Uses
      At line 29 in file INIT.s
Comment: INIT used once
routines 00000000

Symbol: routines
   Definitions
      At line 27 in file INIT.s
   Uses
      None
Comment: routines unused
2 symbols



ARM Macro Assembler    Page 1 Alphabetic symbol ordering
Absolute symbols

GPIO_PORTB_AFSEL 40005420

Symbol: GPIO_PORTB_AFSEL
   Definitions
      At line 15 in file INIT.s
   Uses
      At line 42 in file INIT.s
Comment: GPIO_PORTB_AFSEL used once
GPIO_PORTB_AMSEL 40005528

Symbol: GPIO_PORTB_AMSEL
   Definitions
      At line 17 in file INIT.s
   Uses
      At line 50 in file INIT.s
Comment: GPIO_PORTB_AMSEL used once
GPIO_PORTB_DATA 40005040

Symbol: GPIO_PORTB_DATA
   Definitions
      At line 13 in file INIT.s
   Uses
      None
Comment: GPIO_PORTB_DATA unused
GPIO_PORTB_DEN 4000551C

Symbol: GPIO_PORTB_DEN
   Definitions
      At line 16 in file INIT.s
   Uses
      At line 53 in file INIT.s
Comment: GPIO_PORTB_DEN used once
GPIO_PORTB_DIR 40005400

Symbol: GPIO_PORTB_DIR
   Definitions
      At line 14 in file INIT.s
   Uses
      At line 38 in file INIT.s
Comment: GPIO_PORTB_DIR used once
GPIO_PORTB_PCTL 4000552C

Symbol: GPIO_PORTB_PCTL
   Definitions
      At line 18 in file INIT.s
   Uses
      At line 46 in file INIT.s
Comment: GPIO_PORTB_PCTL used once
GPIO_PORTB_PDR 40005514

Symbol: GPIO_PORTB_PDR
   Definitions
      At line 19 in file INIT.s
   Uses
      None
Comment: GPIO_PORTB_PDR unused
GPIO_PORTB_PUR 40005510

Symbol: GPIO_PORTB_PUR



ARM Macro Assembler    Page 2 Alphabetic symbol ordering
Absolute symbols

   Definitions
      At line 20 in file INIT.s
   Uses
      None
Comment: GPIO_PORTB_PUR unused
SYSCTL_RCGCGPIO 400FE608

Symbol: SYSCTL_RCGCGPIO
   Definitions
      At line 23 in file INIT.s
   Uses
      At line 31 in file INIT.s
Comment: SYSCTL_RCGCGPIO used once
SYSCTL_RCGCTIMER 400FE604

Symbol: SYSCTL_RCGCTIMER
   Definitions
      At line 24 in file INIT.s
   Uses
      At line 58 in file INIT.s
Comment: SYSCTL_RCGCTIMER used once
TIMER1_CFG 40031000

Symbol: TIMER1_CFG
   Definitions
      At line 2 in file INIT.s
   Uses
      At line 69 in file INIT.s
Comment: TIMER1_CFG used once
TIMER1_CTL 4003100C

Symbol: TIMER1_CTL
   Definitions
      At line 4 in file INIT.s
   Uses
      At line 65 in file INIT.s
      At line 78 in file INIT.s

TIMER1_ICR 40031024

Symbol: TIMER1_ICR
   Definitions
      At line 7 in file INIT.s
   Uses
      None
Comment: TIMER1_ICR unused
TIMER1_IMR 40031018

Symbol: TIMER1_IMR
   Definitions
      At line 5 in file INIT.s
   Uses
      None
Comment: TIMER1_IMR unused
TIMER1_RIS 4003101C

Symbol: TIMER1_RIS
   Definitions
      At line 6 in file INIT.s



ARM Macro Assembler    Page 3 Alphabetic symbol ordering
Absolute symbols

   Uses
      None
Comment: TIMER1_RIS unused
TIMER1_TAILR 40031028

Symbol: TIMER1_TAILR
   Definitions
      At line 8 in file INIT.s
   Uses
      At line 75 in file INIT.s
Comment: TIMER1_TAILR used once
TIMER1_TAMR 40031004

Symbol: TIMER1_TAMR
   Definitions
      At line 3 in file INIT.s
   Uses
      At line 72 in file INIT.s
Comment: TIMER1_TAMR used once
TIMER1_TAPR 40031038

Symbol: TIMER1_TAPR
   Definitions
      At line 9 in file INIT.s
   Uses
      None
Comment: TIMER1_TAPR unused
TIMER1_TAR 40031048

Symbol: TIMER1_TAR
   Definitions
      At line 10 in file INIT.s
   Uses
      None
Comment: TIMER1_TAR unused
19 symbols
357 symbols in table
