


ARM Macro Assembler    Page 1 


    1 00000000         ; Pulse.s
    2 00000000         ; Routine for creating a pulse train using interrupts
    3 00000000         ; This uses Channel 0, and a 1MHz Timer Clock (_TAPR = 1
                       5 )
    4 00000000         ; Uses Timer0A to create pulse train on PF2
    5 00000000         
    6 00000000         ;Nested Vector Interrupt Controller registers
    7 00000000 00080000 
                       NVIC_EN0_INT19
                               EQU              0x00080000  ; Interrupt 19 enab
                                                            le
    8 00000000 E000E100 
                       NVIC_EN0
                               EQU              0xE000E100  ; IRQ 0 to 31 Set E
                                                            nable Register
    9 00000000 E000E410 
                       NVIC_PRI4
                               EQU              0xE000E410  ; IRQ 16 to 19 Prio
                                                            rity Register
   10 00000000         
   11 00000000         ; 16/32 Timer Registers
   12 00000000 40030000 
                       TIMER0_CFG
                               EQU              0x40030000
   13 00000000 40030004 
                       TIMER0_TAMR
                               EQU              0x40030004
   14 00000000 4003000C 
                       TIMER0_CTL
                               EQU              0x4003000C
   15 00000000 40030018 
                       TIMER0_IMR
                               EQU              0x40030018
   16 00000000 4003001C 
                       TIMER0_RIS
                               EQU              0x4003001C  ; Timer Interrupt S
                                                            tatus
   17 00000000 40030024 
                       TIMER0_ICR
                               EQU              0x40030024  ; Timer Interrupt C
                                                            lear
   18 00000000 40030028 
                       TIMER0_TAILR
                               EQU              0x40030028  ; Timer interval
   19 00000000 40030038 
                       TIMER0_TAPR
                               EQU              0x40030038
   20 00000000 40030048 
                       TIMER0_TAR
                               EQU              0x40030048  ; Timer register
   21 00000000         
   22 00000000         ;GPIO Registers
   23 00000000 40025010 
                       GPIO_PORTF_DATA
                               EQU              0x40025010  ; Access BIT4
   24 00000000 40025400 
                       GPIO_PORTF_DIR
                               EQU              0x40025400  ; Port Direction
   25 00000000 40025420 



ARM Macro Assembler    Page 2 


                       GPIO_PORTF_AFSEL
                               EQU              0x40025420  ; Alt Function enab
                                                            le
   26 00000000 4002551C 
                       GPIO_PORTF_DEN
                               EQU              0x4002551C  ; Digital Enable
   27 00000000 40025528 
                       GPIO_PORTF_AMSEL
                               EQU              0x40025528  ; Analog enable
   28 00000000 4002552C 
                       GPIO_PORTF_PCTL
                               EQU              0x4002552C  ; Alternate Functio
                                                            ns
   29 00000000         
   30 00000000         ;System Registers
   31 00000000 400FE608 
                       SYSCTL_RCGCGPIO
                               EQU              0x400FE608  ; GPIO Gate Control
                                                            
   32 00000000 400FE604 
                       SYSCTL_RCGCTIMER
                               EQU              0x400FE604  ; GPTM Gate Control
                                                            
   33 00000000         
   34 00000000         ;---------------------------------------------------
   35 00000000         ; Totally for 20kHz pulse train, signal period should be
                        50us. For 20% duty cycle,
   36 00000000         ; high value should be 10us and low value should be 40us
                       .
   37 00000000 00000031 
                       LOW     EQU              0x00000031  ; Low will be 40us
   38 00000000 00000001 
                       HIGH    EQU              0x00000001  ; High will be 10 u
                                                            s
   39 00000000         ;---------------------------------------------------
   40 00000000         
   41 00000000                 AREA             routines, CODE, READONLY
   42 00000000                 THUMB
   43 00000000                 EXPORT           My_Timer0A_Handler
   44 00000000                 EXPORT           PULSE_INIT
   45 00000000         
   46 00000000         ;---------------------------------------------------    
                        
   47 00000000         My_Timer0A_Handler
                               PROC
   48 00000000         
   49 00000000 4837            LDR              R0, =TIMER0_TAILR
   50 00000002 6801            LDR              R1, [R0]
   51 00000004 F04F 0201       LDR              R2, =HIGH
   52 00000008 4291            CMP              R1, R2
   53 0000000A D000            BEQ              outputlow
   54 0000000C D108            BNE              outputhigh
   55 0000000E 4835    outputlow
                               LDR              R0, =GPIO_PORTF_DATA
   56 00000010 F04F 0100       MOV              R1, #0x0
   57 00000014 7001            STRB             R1, [R0]
   58 00000016 4832            LDR              R0, =TIMER0_TAILR
   59 00000018 F04F 0231       LDR              R2, =LOW
   60 0000001C 6002            STR              R2, [R0]



ARM Macro Assembler    Page 3 


   61 0000001E E007            B                done
   62 00000020 4830    outputhigh
                               LDR              R0, =GPIO_PORTF_DATA
   63 00000022 F04F 0104       MOV              R1, #0x4
   64 00000026 7001            STRB             R1, [R0]
   65 00000028 482D            LDR              R0, =TIMER0_TAILR
   66 0000002A F04F 0201       LDR              R2, =HIGH
   67 0000002E 6002            STR              R2, [R0]
   68 00000030 482D    done    LDR              R0, =TIMER0_ICR
   69 00000032 6801            LDR              R1, [R0]
   70 00000034 F041 0101       ORR              R1, #0x1
   71 00000038 6001            STR              R1, [R0]
   72 0000003A 4770            BX               LR
   73 0000003C                 ENDP
   74 0000003C         ;---------------------------------------------------
   75 0000003C         
   76 0000003C         PULSE_INIT
                               PROC
   77 0000003C 492B            LDR              R1, =SYSCTL_RCGCGPIO 
                                                            ; start GPIO clock
   78 0000003E 6808            LDR              R0, [R1]
   79 00000040 F040 0020       ORR              R0, R0, #0x20 ; set bit 5 for p
                                                            ort F
   80 00000044 6008            STR              R0, [R1]
   81 00000046 BF00            NOP                          ; allow clock to se
                                                            ttle
   82 00000048 BF00            NOP
   83 0000004A BF00            NOP
   84 0000004C 4928            LDR              R1, =GPIO_PORTF_DIR ; set direc
                                                            tion of PF2
   85 0000004E 6808            LDR              R0, [R1]
   86 00000050 F040 0004       ORR              R0, R0, #0x04 ; set bit2 for ou
                                                            tput
   87 00000054 6008            STR              R0, [R1]
   88 00000056 4927            LDR              R1, =GPIO_PORTF_AFSEL ; regular
                                                             port function
   89 00000058 6808            LDR              R0, [R1]
   90 0000005A F020 0004       BIC              R0, R0, #0x04
   91 0000005E 6008            STR              R0, [R1]
   92 00000060 4925            LDR              R1, =GPIO_PORTF_PCTL ; no alter
                                                            nate function
   93 00000062 6808            LDR              R0, [R1]
   94 00000064 F420 6070       BIC              R0, R0, #0x00000F00
   95 00000068 6008            STR              R0, [R1]
   96 0000006A 4924            LDR              R1, =GPIO_PORTF_AMSEL 
                                                            ; disable analog
   97 0000006C F04F 0000       MOV              R0, #0
   98 00000070 6008            STR              R0, [R1]
   99 00000072 4923            LDR              R1, =GPIO_PORTF_DEN ; enable po
                                                            rt digital
  100 00000074 6808            LDR              R0, [R1]
  101 00000076 F040 0004       ORR              R0, R0, #0x04
  102 0000007A 6008            STR              R0, [R1]
  103 0000007C         
  104 0000007C 4921            LDR              R1, =SYSCTL_RCGCTIMER 
                                                            ; Start Timer0
  105 0000007E 680A            LDR              R2, [R1]
  106 00000080 F042 0201       ORR              R2, R2, #0x01
  107 00000084 600A            STR              R2, [R1]



ARM Macro Assembler    Page 4 


  108 00000086 BF00            NOP                          ; allow clock to se
                                                            ttle
  109 00000088 BF00            NOP
  110 0000008A BF00            NOP
  111 0000008C 491E            LDR              R1, =TIMER0_CTL ; disable timer
                                                             during setup 
  112 0000008E 680A            LDR              R2, [R1]
  113 00000090 F022 0201       BIC              R2, R2, #0x01
  114 00000094 600A            STR              R2, [R1]
  115 00000096 491D            LDR              R1, =TIMER0_CFG 
                                                            ; set 16 bit mode
  116 00000098 F04F 0204       MOV              R2, #0x04
  117 0000009C 600A            STR              R2, [R1]
  118 0000009E 491C            LDR              R1, =TIMER0_TAMR
  119 000000A0 F04F 0202       MOV              R2, #0x02   ; set to periodic, 
                                                            count down
  120 000000A4 600A            STR              R2, [R1]
  121 000000A6 490E            LDR              R1, =TIMER0_TAILR ; initialize 
                                                            match clocks
  122 000000A8 F04F 0231       LDR              R2, =LOW
  123 000000AC 600A            STR              R2, [R1]
  124 000000AE 4919            LDR              R1, =TIMER0_TAPR
  125 000000B0 F04F 020F       MOV              R2, #15     ; divide clock by 1
                                                            6 to
  126 000000B4 600A            STR              R2, [R1]    ; get 1us clocks
  127 000000B6 4918            LDR              R1, =TIMER0_IMR ; enable timeou
                                                            t interrupt
  128 000000B8 F04F 0201       MOV              R2, #0x01
  129 000000BC 600A            STR              R2, [R1]
  130 000000BE         ; Configure interrupt priorities
  131 000000BE         ; Timer0A is interrupt #19.
  132 000000BE         ; Interrupts 16-19 are handled by NVIC register PRI4.
  133 000000BE         ; Interrupt 19 is controlled by bits 31:29 of PRI4.
  134 000000BE         ; set NVIC interrupt 19 to priority 2
  135 000000BE 4917            LDR              R1, =NVIC_PRI4
  136 000000C0 680A            LDR              R2, [R1]
  137 000000C2 F022 427F       AND              R2, R2, #0x00FFFFFF ; clear int
                                                            errupt 19 priority
  138 000000C6 F042 4280       ORR              R2, R2, #0x40000000 ; set inter
                                                            rupt 19 priority to
                                                             2
  139 000000CA 600A            STR              R2, [R1]
  140 000000CC         ; NVIC has to be enabled
  141 000000CC         ; Interrupts 0-31 are handled by NVIC register EN0
  142 000000CC         ; Interrupt 19 is controlled by bit 19
  143 000000CC         ; enable interrupt 19 in NVIC
  144 000000CC 4914            LDR              R1, =NVIC_EN0
  145 000000CE F2C0 0208       MOVT             R2, #0x08   ; set bit 19 to ena
                                                            ble interrupt 19
  146 000000D2 600A            STR              R2, [R1]
  147 000000D4         ; Enable timer
  148 000000D4 490C            LDR              R1, =TIMER0_CTL
  149 000000D6 680A            LDR              R2, [R1]
  150 000000D8 F042 0203       ORR              R2, R2, #0x03 ; set bit0 to ena
                                                            ble
  151 000000DC 600A            STR              R2, [R1]    ; and bit 1 to stal
                                                            l on debug
  152 000000DE 4770            BX               LR          ; return
  153 000000E0                 ENDP



ARM Macro Assembler    Page 5 


  154 000000E0                 END
              40030028 
              40025010 
              40030024 
              400FE608 
              40025400 
              40025420 
              4002552C 
              40025528 
              4002551C 
              400FE604 
              4003000C 
              40030000 
              40030004 
              40030038 
              40030018 
              E000E410 
              E000E100 
Command Line: --debug --xref --diag_suppress=9931 --cpu=Cortex-M4.fp.sp --apcs=
interwork --depend=.\objects\pulse.d -o.\objects\pulse.o -I"C:\Users\Emre Çakma
kyurdu\AppData\Local\Arm\Packs\Keil\TM4C_DFP\1.1.0\Device\Include\TM4C123" --pr
edefine="__EVAL SETA 1" --predefine="__UVISION_VERSION SETA 536" --predefine="T
M4C123GH6PM SETA 1" --list=.\listings\pulse.lst ..\..\..\Downloads\Pulse.s



ARM Macro Assembler    Page 1 Alphabetic symbol ordering
Relocatable symbols

My_Timer0A_Handler 00000000

Symbol: My_Timer0A_Handler
   Definitions
      At line 47 in file ..\..\..\Downloads\Pulse.s
   Uses
      At line 43 in file ..\..\..\Downloads\Pulse.s
Comment: My_Timer0A_Handler used once
PULSE_INIT 0000003C

Symbol: PULSE_INIT
   Definitions
      At line 76 in file ..\..\..\Downloads\Pulse.s
   Uses
      At line 44 in file ..\..\..\Downloads\Pulse.s
Comment: PULSE_INIT used once
done 00000030

Symbol: done
   Definitions
      At line 68 in file ..\..\..\Downloads\Pulse.s
   Uses
      At line 61 in file ..\..\..\Downloads\Pulse.s
Comment: done used once
outputhigh 00000020

Symbol: outputhigh
   Definitions
      At line 62 in file ..\..\..\Downloads\Pulse.s
   Uses
      At line 54 in file ..\..\..\Downloads\Pulse.s
Comment: outputhigh used once
outputlow 0000000E

Symbol: outputlow
   Definitions
      At line 55 in file ..\..\..\Downloads\Pulse.s
   Uses
      At line 53 in file ..\..\..\Downloads\Pulse.s
Comment: outputlow used once
routines 00000000

Symbol: routines
   Definitions
      At line 41 in file ..\..\..\Downloads\Pulse.s
   Uses
      None
Comment: routines unused
6 symbols



ARM Macro Assembler    Page 1 Alphabetic symbol ordering
Absolute symbols

GPIO_PORTF_AFSEL 40025420

Symbol: GPIO_PORTF_AFSEL
   Definitions
      At line 25 in file ..\..\..\Downloads\Pulse.s
   Uses
      At line 88 in file ..\..\..\Downloads\Pulse.s
Comment: GPIO_PORTF_AFSEL used once
GPIO_PORTF_AMSEL 40025528

Symbol: GPIO_PORTF_AMSEL
   Definitions
      At line 27 in file ..\..\..\Downloads\Pulse.s
   Uses
      At line 96 in file ..\..\..\Downloads\Pulse.s
Comment: GPIO_PORTF_AMSEL used once
GPIO_PORTF_DATA 40025010

Symbol: GPIO_PORTF_DATA
   Definitions
      At line 23 in file ..\..\..\Downloads\Pulse.s
   Uses
      At line 55 in file ..\..\..\Downloads\Pulse.s
      At line 62 in file ..\..\..\Downloads\Pulse.s

GPIO_PORTF_DEN 4002551C

Symbol: GPIO_PORTF_DEN
   Definitions
      At line 26 in file ..\..\..\Downloads\Pulse.s
   Uses
      At line 99 in file ..\..\..\Downloads\Pulse.s
Comment: GPIO_PORTF_DEN used once
GPIO_PORTF_DIR 40025400

Symbol: GPIO_PORTF_DIR
   Definitions
      At line 24 in file ..\..\..\Downloads\Pulse.s
   Uses
      At line 84 in file ..\..\..\Downloads\Pulse.s
Comment: GPIO_PORTF_DIR used once
GPIO_PORTF_PCTL 4002552C

Symbol: GPIO_PORTF_PCTL
   Definitions
      At line 28 in file ..\..\..\Downloads\Pulse.s
   Uses
      At line 92 in file ..\..\..\Downloads\Pulse.s
Comment: GPIO_PORTF_PCTL used once
HIGH 00000001

Symbol: HIGH
   Definitions
      At line 38 in file ..\..\..\Downloads\Pulse.s
   Uses
      At line 51 in file ..\..\..\Downloads\Pulse.s
      At line 66 in file ..\..\..\Downloads\Pulse.s

LOW 00000031



ARM Macro Assembler    Page 2 Alphabetic symbol ordering
Absolute symbols


Symbol: LOW
   Definitions
      At line 37 in file ..\..\..\Downloads\Pulse.s
   Uses
      At line 59 in file ..\..\..\Downloads\Pulse.s
      At line 122 in file ..\..\..\Downloads\Pulse.s

NVIC_EN0 E000E100

Symbol: NVIC_EN0
   Definitions
      At line 8 in file ..\..\..\Downloads\Pulse.s
   Uses
      At line 144 in file ..\..\..\Downloads\Pulse.s
Comment: NVIC_EN0 used once
NVIC_EN0_INT19 00080000

Symbol: NVIC_EN0_INT19
   Definitions
      At line 7 in file ..\..\..\Downloads\Pulse.s
   Uses
      None
Comment: NVIC_EN0_INT19 unused
NVIC_PRI4 E000E410

Symbol: NVIC_PRI4
   Definitions
      At line 9 in file ..\..\..\Downloads\Pulse.s
   Uses
      At line 135 in file ..\..\..\Downloads\Pulse.s
Comment: NVIC_PRI4 used once
SYSCTL_RCGCGPIO 400FE608

Symbol: SYSCTL_RCGCGPIO
   Definitions
      At line 31 in file ..\..\..\Downloads\Pulse.s
   Uses
      At line 77 in file ..\..\..\Downloads\Pulse.s
Comment: SYSCTL_RCGCGPIO used once
SYSCTL_RCGCTIMER 400FE604

Symbol: SYSCTL_RCGCTIMER
   Definitions
      At line 32 in file ..\..\..\Downloads\Pulse.s
   Uses
      At line 104 in file ..\..\..\Downloads\Pulse.s
Comment: SYSCTL_RCGCTIMER used once
TIMER0_CFG 40030000

Symbol: TIMER0_CFG
   Definitions
      At line 12 in file ..\..\..\Downloads\Pulse.s
   Uses
      At line 115 in file ..\..\..\Downloads\Pulse.s
Comment: TIMER0_CFG used once
TIMER0_CTL 4003000C

Symbol: TIMER0_CTL



ARM Macro Assembler    Page 3 Alphabetic symbol ordering
Absolute symbols

   Definitions
      At line 14 in file ..\..\..\Downloads\Pulse.s
   Uses
      At line 111 in file ..\..\..\Downloads\Pulse.s
      At line 148 in file ..\..\..\Downloads\Pulse.s

TIMER0_ICR 40030024

Symbol: TIMER0_ICR
   Definitions
      At line 17 in file ..\..\..\Downloads\Pulse.s
   Uses
      At line 68 in file ..\..\..\Downloads\Pulse.s
Comment: TIMER0_ICR used once
TIMER0_IMR 40030018

Symbol: TIMER0_IMR
   Definitions
      At line 15 in file ..\..\..\Downloads\Pulse.s
   Uses
      At line 127 in file ..\..\..\Downloads\Pulse.s
Comment: TIMER0_IMR used once
TIMER0_RIS 4003001C

Symbol: TIMER0_RIS
   Definitions
      At line 16 in file ..\..\..\Downloads\Pulse.s
   Uses
      None
Comment: TIMER0_RIS unused
TIMER0_TAILR 40030028

Symbol: TIMER0_TAILR
   Definitions
      At line 18 in file ..\..\..\Downloads\Pulse.s
   Uses
      At line 49 in file ..\..\..\Downloads\Pulse.s
      At line 58 in file ..\..\..\Downloads\Pulse.s
      At line 65 in file ..\..\..\Downloads\Pulse.s
      At line 121 in file ..\..\..\Downloads\Pulse.s

TIMER0_TAMR 40030004

Symbol: TIMER0_TAMR
   Definitions
      At line 13 in file ..\..\..\Downloads\Pulse.s
   Uses
      At line 118 in file ..\..\..\Downloads\Pulse.s
Comment: TIMER0_TAMR used once
TIMER0_TAPR 40030038

Symbol: TIMER0_TAPR
   Definitions
      At line 19 in file ..\..\..\Downloads\Pulse.s
   Uses
      At line 124 in file ..\..\..\Downloads\Pulse.s
Comment: TIMER0_TAPR used once
TIMER0_TAR 40030048




ARM Macro Assembler    Page 4 Alphabetic symbol ordering
Absolute symbols

Symbol: TIMER0_TAR
   Definitions
      At line 20 in file ..\..\..\Downloads\Pulse.s
   Uses
      None
Comment: TIMER0_TAR unused
22 symbols
364 symbols in table
