


ARM Macro Assembler    Page 1 


    1 00000000 E000E014 
                       ST_RELOAD
                               EQU              0xE000E014
    2 00000000 E000E018 
                       ST_CURRENT
                               EQU              0xE000E018
    3 00000000 400053FC 
                       GPIO_PORTB_DATA
                               EQU              0x400053FC
    4 00000000                 AREA             subroutine, READONLY, CODE, ALI
GN=2
    5 00000000                 THUMB
    6 00000000                 EXPORT           DRIVE
    7 00000000                 EXTERN           DELAY100ms
    8 00000000         
    9 00000000         DRIVE   PROC
   10 00000000 4C40            LDR              R4, =GPIO_PORTB_DATA 
                                                            ; Obtain the input
   11 00000002 6820            LDR              R0, [R4]
   12 00000004 F000 00F0       AND              R0, #0xF0   ; Check which key i
                                                            s pressed
   13 00000008 28F0            CMP              R0, #0xF0   ; If not pressed, w
                                                            ait until press
   14 0000000A D0FE            BEQ              DRIVE
   15 0000000C         
   16 0000000C 2870            CMP              R0, #0x70   ; If first switch i
                                                            s pressed
   17 0000000E BF08 F7FF 
              FFFE             BLEQ             DELAY100ms
   18 00000014 D105            BNE              s2branch    ; If first switch i
                                                            s not pressed, bran
                                                            ch for second switc
                                                            h
   19 00000016 6820            LDR              R0, [R4]
   20 00000018 F000 00F0       AND              R0, #0xF0
   21 0000001C 2870            CMP              R0, #0x70
   22 0000001E D021            BEQ              s1pressed   ; If no bouncing, b
                                                            ranch since switch 
                                                            1 is pressed
   23 00000020 D1FE            BNE              DRIVE
   24 00000022         
   25 00000022         s2branch
   26 00000022 28B0            CMP              R0, #0xB0   ; If second switch 
                                                            is pressed
   27 00000024 BF08 F7FF 
              FFFE             BLEQ             DELAY100ms
   28 0000002A D105            BNE              s3branch    ; If second switch 
                                                            is not pressed, bra
                                                            nch for third switc
                                                            h
   29 0000002C 6820            LDR              R0, [R4]
   30 0000002E F000 00F0       AND              R0, #0xF0
   31 00000032 28B0            CMP              R0, #0xB0
   32 00000034 D024            BEQ              s2pressed   ; If no bouncing, b
                                                            ranch since switch 
                                                            2 is pressed
   33 00000036 D1FE            BNE              DRIVE
   34 00000038         s3branch
   35 00000038 28D0            CMP              R0, #0xD0   ; If third switch i



ARM Macro Assembler    Page 2 


                                                            s pressed
   36 0000003A BF08 F7FF 
              FFFE             BLEQ             DELAY100ms
   37 00000040 D105            BNE              s4branch    ; If third switch i
                                                            s not pressed, bran
                                                            ch for fourth switc
                                                            h
   38 00000042 6820            LDR              R0, [R4]
   39 00000044 F000 00F0       AND              R0, #0xF0
   40 00000048 28D0            CMP              R0, #0xD0
   41 0000004A D027            BEQ              s3pressed   ; If no bouncing, b
                                                            ranch since switch 
                                                            3 is pressed
   42 0000004C D1FE            BNE              DRIVE
   43 0000004E         s4branch
   44 0000004E 28E0            CMP              R0, #0xE0   ; If fourth switch 
                                                            is pressed
   45 00000050 BF08 F7FF 
              FFFE             BLEQ             DELAY100ms
   46 00000056 D1EF            BNE              s3branch    ; If fourth switch 
                                                            is not pressed, bra
                                                            nch for third switc
                                                            h
   47 00000058 6820            LDR              R0, [R4]
   48 0000005A F000 00F0       AND              R0, #0xF0
   49 0000005E 28E0            CMP              R0, #0xE0
   50 00000060 D02A            BEQ              s4pressed   ; If no bouncing, b
                                                            ranch since switch 
                                                            4 is pressed
   51 00000062 D1FE            BNE              DRIVE
   52 00000064         s1pressed
   53 00000064 6820            LDR              R0, [R4]    ; Check if still pr
                                                            essed
   54 00000066 F000 00F0       AND              R0, #0xF0
   55 0000006A 2870            CMP              R0, #0x70
   56 0000006C D0FA            BEQ              s1pressed
   57 0000006E BF18 F7FF 
              FFFE             BLNE             DELAY100ms  ; Check for bouncin
                                                            g
   58 00000074 6820            LDR              R0, [R4]
   59 00000076 F000 00F0       AND              R0, #0xF0
   60 0000007A 2870            CMP              R0, #0x70
   61 0000007C D0F2            BEQ              s1pressed
   62 0000007E D129            BNE              s1released  ; Branch to operate
                                                            
   63 00000080         s2pressed
   64 00000080 6820            LDR              R0, [R4]    ; Check if still pr
                                                            essed
   65 00000082 F000 00F0       AND              R0, #0xF0
   66 00000086 28B0            CMP              R0, #0xB0
   67 00000088 D0FA            BEQ              s2pressed
   68 0000008A BF18 F7FF 
              FFFE             BLNE             DELAY100ms  ; Check for bouncin
                                                            g
   69 00000090 6820            LDR              R0, [R4]
   70 00000092 F000 00F0       AND              R0, #0xF0
   71 00000096 28B0            CMP              R0, #0xB0
   72 00000098 D0F2            BEQ              s2pressed
   73 0000009A D11E            BNE              s2released  ; Branch to operate



ARM Macro Assembler    Page 3 


                                                            
   74 0000009C         s3pressed
   75 0000009C 6820            LDR              R0, [R4]    ; Check if still pr
                                                            essed
   76 0000009E F000 00F0       AND              R0, #0xF0
   77 000000A2 28D0            CMP              R0, #0xD0
   78 000000A4 D0FA            BEQ              s3pressed
   79 000000A6 BF18 F7FF 
              FFFE             BLNE             DELAY100ms  ; Check for bouncin
                                                            g
   80 000000AC 6820            LDR              R0, [R4]
   81 000000AE F000 00F0       AND              R0, #0xF0
   82 000000B2 28D0            CMP              R0, #0xD0
   83 000000B4 D0F2            BEQ              s3pressed
   84 000000B6 D118            BNE              s3released  ; Branch to operate
                                                            
   85 000000B8         s4pressed
   86 000000B8 6820            LDR              R0, [R4]    ; Check if still pr
                                                            essed
   87 000000BA F000 00F0       AND              R0, #0xF0
   88 000000BE 2870            CMP              R0, #0x70
   89 000000C0 D0FA            BEQ              s4pressed
   90 000000C2 BF18 F7FF 
              FFFE             BLNE             DELAY100ms  ; Check for bouncin
                                                            g
   91 000000C8 6820            LDR              R0, [R4]
   92 000000CA F000 00F0       AND              R0, #0xF0
   93 000000CE 2870            CMP              R0, #0x70
   94 000000D0 D0F2            BEQ              s4pressed
   95 000000D2 D112            BNE              s4released  ; Branch to operate
                                                            
   96 000000D4         s1released
   97 000000D4 F04F 0800       MOV              R8, #0      ; Forward mode of o
                                                            peration, change R8
                                                             value
   98 000000D8 E7FE            B                DRIVE       ; Start over
   99 000000DA         s2released
  100 000000DA 4A0B            LDR              R2, =ST_RELOAD ; Speed up by de
                                                            creasing load value
                                                            
  101 000000DC 4B0B            LDR              R3, =ST_CURRENT
  102 000000DE 6810            LDR              R0,[R2]
  103 000000E0 EA4F 0050       LSR              R0, R0, #1
  104 000000E4 6010            STR              R0, [R2]
  105 000000E6 6018            STR              R0, [R3]
  106 000000E8 E7FE            B                DRIVE
  107 000000EA         s3released
  108 000000EA 4A07            LDR              R2, =ST_RELOAD ; Speed down by 
                                                            increasing load val
                                                            ue
  109 000000EC 4B07            LDR              R3, =ST_CURRENT
  110 000000EE 6810            LDR              R0,[R2]
  111 000000F0 EA4F 0040       LSL              R0, R0, #1
  112 000000F4 6010            STR              R0, [R2]
  113 000000F6 6018            STR              R0, [R3]
  114 000000F8 E7FE            B                DRIVE
  115 000000FA         s4released
  116 000000FA F04F 0801       MOV              R8, #1      ; Backward mode of 
                                                            operation, change R



ARM Macro Assembler    Page 4 


                                                            8 value
  117 000000FE E7FE            B                DRIVE       ; Start over
  118 00000100         
  119 00000100 4770            BX               LR
  120 00000102                 ENDP
                       
              00 00 400053FC 
              E000E014 
              E000E018 
Command Line: --debug --xref --diag_suppress=9931 --cpu=Cortex-M4.fp.sp --apcs=
interwork --depend=.\objects\drive.d -o.\objects\drive.o -I"C:\Users\Emre Çakma
kyurdu\AppData\Local\Arm\Packs\Keil\TM4C_DFP\1.1.0\Device\Include\TM4C123" --pr
edefine="__EVAL SETA 1" --predefine="__UVISION_VERSION SETA 536" --predefine="T
M4C123GH6PM SETA 1" --list=.\listings\drive.lst DRIVE.s



ARM Macro Assembler    Page 1 Alphabetic symbol ordering
Relocatable symbols

DRIVE 00000000

Symbol: DRIVE
   Definitions
      At line 9 in file DRIVE.s
   Uses
      At line 6 in file DRIVE.s
      At line 14 in file DRIVE.s
      At line 23 in file DRIVE.s
      At line 33 in file DRIVE.s
      At line 42 in file DRIVE.s
      At line 51 in file DRIVE.s
      At line 98 in file DRIVE.s
      At line 106 in file DRIVE.s
      At line 114 in file DRIVE.s
      At line 117 in file DRIVE.s

s1pressed 00000064

Symbol: s1pressed
   Definitions
      At line 52 in file DRIVE.s
   Uses
      At line 22 in file DRIVE.s
      At line 56 in file DRIVE.s
      At line 61 in file DRIVE.s

s1released 000000D4

Symbol: s1released
   Definitions
      At line 96 in file DRIVE.s
   Uses
      At line 62 in file DRIVE.s
Comment: s1released used once
s2branch 00000022

Symbol: s2branch
   Definitions
      At line 25 in file DRIVE.s
   Uses
      At line 18 in file DRIVE.s
Comment: s2branch used once
s2pressed 00000080

Symbol: s2pressed
   Definitions
      At line 63 in file DRIVE.s
   Uses
      At line 32 in file DRIVE.s
      At line 67 in file DRIVE.s
      At line 72 in file DRIVE.s

s2released 000000DA

Symbol: s2released
   Definitions
      At line 99 in file DRIVE.s
   Uses



ARM Macro Assembler    Page 2 Alphabetic symbol ordering
Relocatable symbols

      At line 73 in file DRIVE.s
Comment: s2released used once
s3branch 00000038

Symbol: s3branch
   Definitions
      At line 34 in file DRIVE.s
   Uses
      At line 28 in file DRIVE.s
      At line 46 in file DRIVE.s

s3pressed 0000009C

Symbol: s3pressed
   Definitions
      At line 74 in file DRIVE.s
   Uses
      At line 41 in file DRIVE.s
      At line 78 in file DRIVE.s
      At line 83 in file DRIVE.s

s3released 000000EA

Symbol: s3released
   Definitions
      At line 107 in file DRIVE.s
   Uses
      At line 84 in file DRIVE.s
Comment: s3released used once
s4branch 0000004E

Symbol: s4branch
   Definitions
      At line 43 in file DRIVE.s
   Uses
      At line 37 in file DRIVE.s
Comment: s4branch used once
s4pressed 000000B8

Symbol: s4pressed
   Definitions
      At line 85 in file DRIVE.s
   Uses
      At line 50 in file DRIVE.s
      At line 89 in file DRIVE.s
      At line 94 in file DRIVE.s

s4released 000000FA

Symbol: s4released
   Definitions
      At line 115 in file DRIVE.s
   Uses
      At line 95 in file DRIVE.s
Comment: s4released used once
subroutine 00000000

Symbol: subroutine
   Definitions



ARM Macro Assembler    Page 3 Alphabetic symbol ordering
Relocatable symbols

      At line 4 in file DRIVE.s
   Uses
      None
Comment: subroutine unused
13 symbols



ARM Macro Assembler    Page 1 Alphabetic symbol ordering
Absolute symbols

GPIO_PORTB_DATA 400053FC

Symbol: GPIO_PORTB_DATA
   Definitions
      At line 3 in file DRIVE.s
   Uses
      At line 10 in file DRIVE.s
Comment: GPIO_PORTB_DATA used once
ST_CURRENT E000E018

Symbol: ST_CURRENT
   Definitions
      At line 2 in file DRIVE.s
   Uses
      At line 101 in file DRIVE.s
      At line 109 in file DRIVE.s

ST_RELOAD E000E014

Symbol: ST_RELOAD
   Definitions
      At line 1 in file DRIVE.s
   Uses
      At line 100 in file DRIVE.s
      At line 108 in file DRIVE.s

3 symbols



ARM Macro Assembler    Page 1 Alphabetic symbol ordering
External symbols

DELAY100ms 00000000

Symbol: DELAY100ms
   Definitions
      At line 7 in file DRIVE.s
   Uses
      At line 17 in file DRIVE.s
      At line 27 in file DRIVE.s
      At line 36 in file DRIVE.s
      At line 45 in file DRIVE.s
      At line 57 in file DRIVE.s
      At line 68 in file DRIVE.s
      At line 79 in file DRIVE.s
      At line 90 in file DRIVE.s

1 symbol
353 symbols in table
