


ARM Macro Assembler    Page 1 


    1 00000000 400053FC 
                       GPIO_PORTB_DATA
                               EQU              0x400053FC
    2 00000000                 AREA             subroutine, READONLY, CODE
    3 00000000                 THUMB
    4 00000000                 EXPORT           ISR
    5 00000000         ; FORWARD   
    6 00000000         ISR     PROC
    7 00000000 4D09            LDR              R5, =GPIO_PORTB_DATA
    8 00000002 F04F 0108       MOV              R1, #8
    9 00000006 F04F 0000       MOV              R0, #0
   10 0000000A 682A            LDR              R2, [R5]    ; Obtain the input 
                                                            data
   11 0000000C F002 020F       AND              R2, #0xF    ; Understand which 
                                                            key is pressed
   12 00000010 4282            CMP              R2, R0      ; Compare with 0
   13 00000012 BF08 2201       MOVEQ            R2, #1
   14 00000016 D005            BEQ              exit
   15 00000018 4291            CMP              R1, R2      ; If this is the la
                                                            st sequence start o
                                                            ver
   16 0000001A BF08 2201       MOVEQ            R2, #1
   17 0000001E D001            BEQ              exit
   18 00000020 EA4F 0242       LSL              R2, R2, #1  ; Next output port
   19 00000024 602A    exit    STR              R2, [R5]    ; Store the value
   20 00000026 4770            BX               LR
   21 00000028                 ALIGN
   22 00000028                 ENDP
   23 00000028         
                       
              400053FC 
Command Line: --debug --xref --diag_suppress=9931 --cpu=Cortex-M4.fp.sp --apcs=
interwork --depend=.\objects\isr.d -o.\objects\isr.o -I"C:\Users\Emre Çakmakyur
du\AppData\Local\Arm\Packs\Keil\TM4C_DFP\1.1.0\Device\Include\TM4C123" --predef
ine="__EVAL SETA 1" --predefine="__UVISION_VERSION SETA 536" --predefine="TM4C1
23GH6PM SETA 1" --list=.\listings\isr.lst ..\ISR.s



ARM Macro Assembler    Page 1 Alphabetic symbol ordering
Relocatable symbols

ISR 00000000

Symbol: ISR
   Definitions
      At line 6 in file ..\ISR.s
   Uses
      At line 4 in file ..\ISR.s
Comment: ISR used once
exit 00000024

Symbol: exit
   Definitions
      At line 19 in file ..\ISR.s
   Uses
      At line 14 in file ..\ISR.s
      At line 17 in file ..\ISR.s

subroutine 00000000

Symbol: subroutine
   Definitions
      At line 2 in file ..\ISR.s
   Uses
      None
Comment: subroutine unused
3 symbols



ARM Macro Assembler    Page 1 Alphabetic symbol ordering
Absolute symbols

GPIO_PORTB_DATA 400053FC

Symbol: GPIO_PORTB_DATA
   Definitions
      At line 1 in file ..\ISR.s
   Uses
      At line 7 in file ..\ISR.s
Comment: GPIO_PORTB_DATA used once
1 symbol
340 symbols in table
